<?xml version="1.0" encoding="UTF-8"?>
<!-- Generated by org.testng.reporters.JUnitXMLReporter -->
<testsuite ignored="0" hostname="NC2LW11NK3" failures="1" tests="65" name="Test" time="455.476" errors="0" timestamp="2025-02-20T10:47:55 IST">
  <testcase classname="testBase.BaseClass" name="@AfterClass tearDown" time="0.036">
    <failure type="org.openqa.selenium.NoSuchWindowException" message="no such window: target window already closed
from unknown error: web view not found
  (Session info: MicrosoftEdge=133.0.3065.69)
Build info: version: &amp;apos;4.28.1&amp;apos;, revision: &amp;apos;73f5ad48a2&amp;apos;
System info: os.name: &amp;apos;Windows 11&amp;apos;, os.arch: &amp;apos;amd64&amp;apos;, os.version: &amp;apos;10.0&amp;apos;, java.version: &amp;apos;23.0.1&amp;apos;
Driver info: org.openqa.selenium.edge.EdgeDriver
Command: [7ef8f32f422a049054da2367702a8173, close {}]
Capabilities {acceptInsecureCerts: false, browserName: MicrosoftEdge, browserVersion: 133.0.3065.69, fedcm:accounts: true, ms:edgeOptions: {debuggerAddress: localhost:9222}, msedge: {msedgedriverVersion: 133.0.3065.69 (c3f010c11f3e..., userDataDir: C:\Users\NISHA~1.KUM\AppDat...}, networkConnectionEnabled: false, pageLoadStrategy: normal, platformName: windows, proxy: Proxy(), se:cdp: ws://localhost:9222/devtool..., se:cdpVersion: 133.0.3065.69, setWindowRect: true, strictFileInteractability: false, timeouts: {implicit: 0, pageLoad: 300000, script: 30000}, unhandledPromptBehavior: dismiss and notify, webauthn:extension:credBlob: true, webauthn:extension:largeBlob: true, webauthn:extension:minPinLength: true, webauthn:extension:prf: true, webauthn:virtualAuthenticators: true}
Session ID: 7ef8f32f422a049054da2367702a8173">
      <![CDATA[org.openqa.selenium.NoSuchWindowException: no such window: target window already closed
from unknown error: web view not found
  (Session info: MicrosoftEdge=133.0.3065.69)
Build info: version: '4.28.1', revision: '73f5ad48a2'
System info: os.name: 'Windows 11', os.arch: 'amd64', os.version: '10.0', java.version: '23.0.1'
Driver info: org.openqa.selenium.edge.EdgeDriver
Command: [7ef8f32f422a049054da2367702a8173, close {}]
Capabilities {acceptInsecureCerts: false, browserName: MicrosoftEdge, browserVersion: 133.0.3065.69, fedcm:accounts: true, ms:edgeOptions: {debuggerAddress: localhost:9222}, msedge: {msedgedriverVersion: 133.0.3065.69 (c3f010c11f3e..., userDataDir: C:\Users\NISHA~1.KUM\AppDat...}, networkConnectionEnabled: false, pageLoadStrategy: normal, platformName: windows, proxy: Proxy(), se:cdp: ws://localhost:9222/devtool..., se:cdpVersion: 133.0.3065.69, setWindowRect: true, strictFileInteractability: false, timeouts: {implicit: 0, pageLoad: 300000, script: 30000}, unhandledPromptBehavior: dismiss and notify, webauthn:extension:credBlob: true, webauthn:extension:largeBlob: true, webauthn:extension:minPinLength: true, webauthn:extension:prf: true, webauthn:virtualAuthenticators: true}
Session ID: 7ef8f32f422a049054da2367702a8173
at org.openqa.selenium.remote.ErrorCodec.decode(ErrorCodec.java:167)
at org.openqa.selenium.remote.codec.w3c.W3CHttpResponseCodec.decode(W3CHttpResponseCodec.java:138)
at org.openqa.selenium.remote.codec.w3c.W3CHttpResponseCodec.decode(W3CHttpResponseCodec.java:50)
at org.openqa.selenium.remote.HttpCommandExecutor.execute(HttpCommandExecutor.java:215)
at org.openqa.selenium.remote.service.DriverCommandExecutor.invokeExecute(DriverCommandExecutor.java:216)
at org.openqa.selenium.remote.service.DriverCommandExecutor.execute(DriverCommandExecutor.java:174)
at org.openqa.selenium.remote.RemoteWebDriver.execute(RemoteWebDriver.java:545)
at org.openqa.selenium.remote.RemoteWebDriver.execute(RemoteWebDriver.java:618)
at org.openqa.selenium.remote.RemoteWebDriver.execute(RemoteWebDriver.java:622)
at org.openqa.selenium.remote.RemoteWebDriver.close(RemoteWebDriver.java:418)
at testBase.BaseClass.tearDown(BaseClass.java:67)
at java.base/java.util.ArrayList.forEach(ArrayList.java:1597)
... Removed 27 stack frames]]>
    </failure>
  </testcase> <!-- @AfterClass tearDown -->
  <testcase classname="testCases.TC_001_DDT_SignUp" name="verify_DDT_SignUp" time="22.854">
    <failure type="org.openqa.selenium.NoSuchElementException" message="no such element: Unable to locate element: {&amp;quot;method&amp;quot;:&amp;quot;xpath&amp;quot;,&amp;quot;selector&amp;quot;:&amp;quot;//b[contains(text(),&amp;apos;Enter Account Information&amp;apos;)]&amp;quot;}
  (Session info: MicrosoftEdge=133.0.3065.69)
For documentation on this error, please visit: https://www.selenium.dev/documentation/webdriver/troubleshooting/errors#no-such-element-exception
Build info: version: &amp;apos;4.28.1&amp;apos;, revision: &amp;apos;73f5ad48a2&amp;apos;
System info: os.name: &amp;apos;Windows 11&amp;apos;, os.arch: &amp;apos;amd64&amp;apos;, os.version: &amp;apos;10.0&amp;apos;, java.version: &amp;apos;23.0.1&amp;apos;
Driver info: org.openqa.selenium.edge.EdgeDriver
Command: [7ef8f32f422a049054da2367702a8173, findElement {using=xpath, value=//b[contains(text(),&amp;apos;Enter Account Information&amp;apos;)]}]
Capabilities {acceptInsecureCerts: false, browserName: MicrosoftEdge, browserVersion: 133.0.3065.69, fedcm:accounts: true, ms:edgeOptions: {debuggerAddress: localhost:9222}, msedge: {msedgedriverVersion: 133.0.3065.69 (c3f010c11f3e..., userDataDir: C:\Users\NISHA~1.KUM\AppDat...}, networkConnectionEnabled: false, pageLoadStrategy: normal, platformName: windows, proxy: Proxy(), se:cdp: ws://localhost:9222/devtool..., se:cdpVersion: 133.0.3065.69, setWindowRect: true, strictFileInteractability: false, timeouts: {implicit: 0, pageLoad: 300000, script: 30000}, unhandledPromptBehavior: dismiss and notify, webauthn:extension:credBlob: true, webauthn:extension:largeBlob: true, webauthn:extension:minPinLength: true, webauthn:extension:prf: true, webauthn:virtualAuthenticators: true}
Session ID: 7ef8f32f422a049054da2367702a8173">
      <![CDATA[org.openqa.selenium.NoSuchElementException: no such element: Unable to locate element: {"method":"xpath","selector":"//b[contains(text(),'Enter Account Information')]"}
  (Session info: MicrosoftEdge=133.0.3065.69)
For documentation on this error, please visit: https://www.selenium.dev/documentation/webdriver/troubleshooting/errors#no-such-element-exception
Build info: version: '4.28.1', revision: '73f5ad48a2'
System info: os.name: 'Windows 11', os.arch: 'amd64', os.version: '10.0', java.version: '23.0.1'
Driver info: org.openqa.selenium.edge.EdgeDriver
Command: [7ef8f32f422a049054da2367702a8173, findElement {using=xpath, value=//b[contains(text(),'Enter Account Information')]}]
Capabilities {acceptInsecureCerts: false, browserName: MicrosoftEdge, browserVersion: 133.0.3065.69, fedcm:accounts: true, ms:edgeOptions: {debuggerAddress: localhost:9222}, msedge: {msedgedriverVersion: 133.0.3065.69 (c3f010c11f3e..., userDataDir: C:\Users\NISHA~1.KUM\AppDat...}, networkConnectionEnabled: false, pageLoadStrategy: normal, platformName: windows, proxy: Proxy(), se:cdp: ws://localhost:9222/devtool..., se:cdpVersion: 133.0.3065.69, setWindowRect: true, strictFileInteractability: false, timeouts: {implicit: 0, pageLoad: 300000, script: 30000}, unhandledPromptBehavior: dismiss and notify, webauthn:extension:credBlob: true, webauthn:extension:largeBlob: true, webauthn:extension:minPinLength: true, webauthn:extension:prf: true, webauthn:virtualAuthenticators: true}
Session ID: 7ef8f32f422a049054da2367702a8173
at org.openqa.selenium.remote.ErrorCodec.decode(ErrorCodec.java:167)
at org.openqa.selenium.remote.codec.w3c.W3CHttpResponseCodec.decode(W3CHttpResponseCodec.java:138)
at org.openqa.selenium.remote.codec.w3c.W3CHttpResponseCodec.decode(W3CHttpResponseCodec.java:50)
at org.openqa.selenium.remote.HttpCommandExecutor.execute(HttpCommandExecutor.java:215)
at org.openqa.selenium.remote.service.DriverCommandExecutor.invokeExecute(DriverCommandExecutor.java:216)
at org.openqa.selenium.remote.service.DriverCommandExecutor.execute(DriverCommandExecutor.java:174)
at org.openqa.selenium.remote.RemoteWebDriver.execute(RemoteWebDriver.java:545)
at org.openqa.selenium.remote.ElementLocation$ElementFinder$2.findElement(ElementLocation.java:165)
at org.openqa.selenium.remote.ElementLocation.findElement(ElementLocation.java:59)
at org.openqa.selenium.remote.RemoteWebDriver.findElement(RemoteWebDriver.java:368)
at org.openqa.selenium.remote.RemoteWebDriver.findElement(RemoteWebDriver.java:362)
at org.openqa.selenium.support.pagefactory.DefaultElementLocator.findElement(DefaultElementLocator.java:68)
at org.openqa.selenium.support.pagefactory.internal.LocatingElementHandler.invoke(LocatingElementHandler.java:38)
at jdk.proxy2/jdk.proxy2.$Proxy30.getText(Unknown Source)
at pageObject.SignupPage.isConfirmationMessageDisplayed(SignupPage.java:39)
at testCases.TC_001_DDT_SignUp.verify_DDT_SignUp(TC_001_DDT_SignUp.java:28)
at java.base/java.util.ArrayList.forEach(ArrayList.java:1597)
... Removed 28 stack frames]]>
    </failure>
  </testcase> <!-- verify_DDT_SignUp -->
  <testcase classname="testCases.TC_001_SignUp" name="verify_signup" time="3.093"/>
  <testcase classname="testCases.TC_003_Acc_Info" name="Verify_Acc_info" time="7.193"/>
  <testcase classname="testCases.TC_004_ContactUs" name="verify_contactus" time="14.726"/>
  <testcase classname="testCases.TC_005_Product_details" name="Verify_Product_Details" time="5.062"/>
  <testcase classname="testCases.TC_006_Search_product" name="verify_searchproduct" time="5.598"/>
  <testcase classname="testCases.TC_007_Subscription" name="verifySubscription" time="0.399"/>
  <testcase classname="testCases.TC_008_ProductQun" name="verify_productquentity" time="4.395"/>
  <testcase classname="testCases.TC_009_verifylogin_Checkout" name="verifyCheckout" time="20.203"/>
  <testcase classname="testCases.TC_0010_Category_Product" name="verify_categoryproduct" time="3.984"/>
  <testcase classname="testCases.TC_0011_ViewCardBrands" name="Verify_BrandPage" time="6.212"/>
  <testcase classname="testCases.TC_0012_AddReview" name="verify_Review_Page" time="4.965"/>
  <testcase classname="testCases.TC_0013_RecommendedItem" name="verify_recommendedItem" time="2.854"/>
  <testcase classname="testCases.TC_0014_ScrollUp" name="verify_scrollup" time="13.372"/>
  <testcase classname="testCases.TC_0015_SignupMultipleUsers" name="verify_multiplesignup" time="3.727"/>
  <testcase classname="testCases.TC_0015_SignupMultipleUsers" name="verify_multiplesignup" time="3.107"/>
  <testcase classname="testCases.TC_0015_SignupMultipleUsers" name="verify_multiplesignup" time="3.01"/>
  <testcase classname="testCases.TC_0015_SignupMultipleUsers" name="verify_multiplesignup" time="5.094"/>
  <testcase classname="testCases.TC_0015_SignupMultipleUsers" name="verify_multiplesignup" time="3.053"/>
  <testcase classname="testCases.TC_0015_SignupMultipleUsers" name="verify_multiplesignup" time="3.151"/>
  <testcase classname="testCases.TC_0015_SignupMultipleUsers" name="verify_multiplesignup" time="3.111"/>
  <testcase classname="testCases.TC_0015_SignupMultipleUsers" name="verify_multiplesignup" time="3.051"/>
  <testcase classname="testCases.TC_0015_SignupMultipleUsers" name="verify_multiplesignup" time="3.247"/>
  <testcase classname="testCases.TC_0015_SignupMultipleUsers" name="verify_multiplesignup" time="3.48"/>
  <testcase classname="testCases.TC_0015_SignupMultipleUsers" name="verify_multiplesignup" time="3.084"/>
  <testcase classname="testCases.TC_0015_SignupMultipleUsers" name="verify_multiplesignup" time="3.137"/>
  <testcase classname="testCases.TC_0015_SignupMultipleUsers" name="verify_multiplesignup" time="3.828"/>
  <testcase classname="testCases.TC_0015_SignupMultipleUsers" name="verify_multiplesignup" time="2.982"/>
  <testcase classname="testCases.TC_0015_SignupMultipleUsers" name="verify_multiplesignup" time="3.965"/>
  <testcase classname="testCases.TC_0015_SignupMultipleUsers" name="verify_multiplesignup" time="2.945"/>
  <testcase classname="testCases.TC_0015_SignupMultipleUsers" name="verify_multiplesignup" time="4.028"/>
  <testcase classname="testCases.TC_0015_SignupMultipleUsers" name="verify_multiplesignup" time="3.196"/>
  <testcase classname="testCases.TC_0015_SignupMultipleUsers" name="verify_multiplesignup" time="3.029"/>
  <testcase classname="testCases.TC_0015_SignupMultipleUsers" name="verify_multiplesignup" time="3.103"/>
  <testcase classname="testCases.TC_0015_SignupMultipleUsers" name="verify_multiplesignup" time="3.116"/>
  <testcase classname="testCases.TC_0015_SignupMultipleUsers" name="verify_multiplesignup" time="3.187"/>
  <testcase classname="testCases.TC_0015_SignupMultipleUsers" name="verify_multiplesignup" time="4.483"/>
  <testcase classname="testCases.TC_0015_SignupMultipleUsers" name="verify_multiplesignup" time="3.059"/>
  <testcase classname="testCases.TC_0015_SignupMultipleUsers" name="verify_multiplesignup" time="2.975"/>
  <testcase classname="testCases.TC_0015_SignupMultipleUsers" name="verify_multiplesignup" time="3.156"/>
  <testcase classname="testCases.TC_0015_SignupMultipleUsers" name="verify_multiplesignup" time="3.302"/>
  <testcase classname="testCases.TC_0015_SignupMultipleUsers" name="verify_multiplesignup" time="4.428"/>
  <testcase classname="testCases.TC_0015_SignupMultipleUsers" name="verify_multiplesignup" time="3.218"/>
  <testcase classname="testCases.TC_0015_SignupMultipleUsers" name="verify_multiplesignup" time="3.658"/>
  <testcase classname="testCases.TC_0015_SignupMultipleUsers" name="verify_multiplesignup" time="3.109"/>
  <testcase classname="testCases.TC_0015_SignupMultipleUsers" name="verify_multiplesignup" time="3.112"/>
  <testcase classname="testCases.TC_0015_SignupMultipleUsers" name="verify_multiplesignup" time="3.315"/>
  <testcase classname="testCases.TC_0015_SignupMultipleUsers" name="verify_multiplesignup" time="3.194"/>
  <testcase classname="testCases.TC_0015_SignupMultipleUsers" name="verify_multiplesignup" time="2.994"/>
  <testcase classname="testCases.TC_0015_SignupMultipleUsers" name="verify_multiplesignup" time="3.218"/>
  <testcase classname="testCases.TC_0015_SignupMultipleUsers" name="verify_multiplesignup" time="3.16"/>
  <testcase classname="testCases.TC_0015_SignupMultipleUsers" name="verify_multiplesignup" time="3.191"/>
  <testcase classname="testCases.TC_0015_SignupMultipleUsers" name="verify_multiplesignup" time="2.992"/>
  <testcase classname="testCases.TC_0015_SignupMultipleUsers" name="verify_multiplesignup" time="3.305"/>
  <testcase classname="testCases.TC_0015_SignupMultipleUsers" name="verify_multiplesignup" time="3.134"/>
  <testcase classname="testCases.TC_0015_SignupMultipleUsers" name="verify_multiplesignup" time="4.01"/>
  <testcase classname="testCases.TC_0015_SignupMultipleUsers" name="verify_multiplesignup" time="3.193"/>
  <testcase classname="testCases.TC_0015_SignupMultipleUsers" name="verify_multiplesignup" time="3.193"/>
  <testcase classname="testCases.TC_0015_SignupMultipleUsers" name="verify_multiplesignup" time="2.884"/>
  <testcase classname="testCases.TC_0015_SignupMultipleUsers" name="verify_multiplesignup" time="3.204"/>
  <testcase classname="testCases.TC_0015_SignupMultipleUsers" name="verify_multiplesignup" time="3.199"/>
  <testcase classname="testCases.TC_0015_SignupMultipleUsers" name="verify_multiplesignup" time="2.978"/>
  <testcase classname="testCases.TC_0015_SignupMultipleUsers" name="verify_multiplesignup" time="3.04"/>
  <testcase classname="testCases.TC_0015_SignupMultipleUsers" name="verify_multiplesignup" time="3.088"/>
  <testcase classname="testCases.TC_0016_SignupwithMtlRandData" name="verify_multiplesignupwithrandomdata" time="20.19"/>
</testsuite> <!-- Test -->
